0 info it worked if it ends with ok
1 verbose cli [ '/usr/local/bin/node',
1 verbose cli   '/usr/local/bin/npm',
1 verbose cli   'isntall',
1 verbose cli   '--save',
1 verbose cli   'https' ]
2 info using npm@1.4.28
3 info using node@v0.10.32
4 warn package.json http@0.0.0 http is also the name of a node core module.
5 warn package.json http@0.0.0 No description
6 warn package.json http@0.0.0 No repository field.
7 verbose readDependencies using package.json deps
8 verbose cache add [ 'https', null ]
9 verbose cache add name=undefined spec="https" args=["https",null]
10 verbose parsed url { protocol: null,
10 verbose parsed url   slashes: null,
10 verbose parsed url   auth: null,
10 verbose parsed url   host: null,
10 verbose parsed url   port: null,
10 verbose parsed url   hostname: null,
10 verbose parsed url   hash: null,
10 verbose parsed url   search: null,
10 verbose parsed url   query: null,
10 verbose parsed url   pathname: 'https',
10 verbose parsed url   path: 'https',
10 verbose parsed url   href: 'https' }
11 silly lockFile c3437dbc-https https
12 verbose lock https /home/mjkaufer/.npm/c3437dbc-https.lock
13 silly lockFile c3437dbc-https https
14 silly lockFile c3437dbc-https https
15 verbose addNamed [ 'https', '' ]
16 verbose addNamed [ null, '*' ]
17 silly lockFile 421d451a-https https@
18 verbose lock https@ /home/mjkaufer/.npm/421d451a-https.lock
19 silly addNameRange { name: 'https', range: '*', hasData: false }
20 verbose request where is /https
21 verbose request registry https://registry.npmjs.org/
22 verbose request id 5cb45cf91a1a17fd
23 verbose url raw /https
24 verbose url resolving [ 'https://registry.npmjs.org/', './https' ]
25 verbose url resolved https://registry.npmjs.org/https
26 verbose request where is https://registry.npmjs.org/https
27 info trying registry request attempt 1 at 22:14:34
28 http GET https://registry.npmjs.org/https
29 http 404 https://registry.npmjs.org/https
30 verbose headers { date: 'Thu, 02 Oct 2014 02:14:35 GMT',
30 verbose headers   server: 'CouchDB/1.5.0 (Erlang OTP/R16B03)',
30 verbose headers   'content-type': 'application/json',
30 verbose headers   'cache-control': 'max-age=0',
30 verbose headers   'content-length': '52',
30 verbose headers   'accept-ranges': 'bytes',
30 verbose headers   via: '1.1 varnish',
30 verbose headers   age: '0',
30 verbose headers   'x-served-by': 'cache-iad2122-IAD',
30 verbose headers   'x-cache': 'MISS',
30 verbose headers   'x-cache-hits': '0',
30 verbose headers   'x-timer': 'S1412216075.057466,VS0,VE350',
30 verbose headers   'keep-alive': 'timeout=10, max=50',
30 verbose headers   connection: 'Keep-Alive' }
31 silly registry.get cb [ 404,
31 silly registry.get   { date: 'Thu, 02 Oct 2014 02:14:35 GMT',
31 silly registry.get     server: 'CouchDB/1.5.0 (Erlang OTP/R16B03)',
31 silly registry.get     'content-type': 'application/json',
31 silly registry.get     'cache-control': 'max-age=0',
31 silly registry.get     'content-length': '52',
31 silly registry.get     'accept-ranges': 'bytes',
31 silly registry.get     via: '1.1 varnish',
31 silly registry.get     age: '0',
31 silly registry.get     'x-served-by': 'cache-iad2122-IAD',
31 silly registry.get     'x-cache': 'MISS',
31 silly registry.get     'x-cache-hits': '0',
31 silly registry.get     'x-timer': 'S1412216075.057466,VS0,VE350',
31 silly registry.get     'keep-alive': 'timeout=10, max=50',
31 silly registry.get     connection: 'Keep-Alive' } ]
32 silly lockFile 421d451a-https https@
33 silly lockFile 421d451a-https https@
34 error 404 404 Not Found: https
34 error 404
34 error 404 'https' is not in the npm registry.
34 error 404 You should bug the author to publish it
34 error 404 It was specified as a dependency of 'IcoGrab'
34 error 404
34 error 404 Note that you can also install from a
34 error 404 tarball, folder, or http url, or git url.
35 error System Linux 3.13.0-36-generic
36 error command "/usr/local/bin/node" "/usr/local/bin/npm" "isntall" "--save" "https"
37 error cwd /home/mjkaufer/github/IcoGrab
38 error node -v v0.10.32
39 error npm -v 1.4.28
40 error code E404
41 verbose exit [ 1, true ]
